
Warning:  (2019-05-23 03:07:32 周四)
External WM_DESTROY received for  QWidgetWindow(0x1c436ba6ae0, name="QtArteryTechOtherSetupsUIWindow") , parent:  QWindow(0x0) , transient parent:  QWidgetWindow(0x1c43678b8b0, name="ArteryTechQtProjectClassWindow")
Warning:  (2019-05-23 03:07:32 周四)
External WM_DESTROY received for  QWidgetWindow(0x1c436bddbc0, name="QtArteryTechOutputSetupUIWindow") , parent:  QWindow(0x0) , transient parent:  QWidgetWindow(0x1c43678b8b0, name="ArteryTechQtProjectClassWindow")
Warning:  (2019-05-23 03:07:32 周四)
External WM_DESTROY received for  QWidgetWindow(0x1c436ab4730, name="QtArteryTechTwoLevelPreconditionerUIWindow") , parent:  QWindow(0x0) , transient parent:  QWidgetWindow(0x1c43678b8b0, name="ArteryTechQtProjectClassWindow")
Warning:  (2019-05-23 03:07:32 周四)
External WM_DESTROY received for  QWidgetWindow(0x1c436da4de0, name="QtArteryTechNonlinearSolverSetupUIWindow") , parent:  QWindow(0x0) , transient parent:  QWidgetWindow(0x1c43678b8b0, name="ArteryTechQtProjectClassWindow")
Warning:  (2019-05-23 03:07:32 周四)
External WM_DESTROY received for  QWidgetWindow(0x1c436ab48b0, name="QtArteryTechLinearSolverSetupUIWindow") , parent:  QWindow(0x0) , transient parent:  QWidgetWindow(0x1c43678b8b0, name="ArteryTechQtProjectClassWindow")
Warning:  (2019-05-23 03:07:32 周四)
External WM_DESTROY received for  QWidgetWindow(0x1c436ab4850, name="QtArteryTechPreconditionerSetupUIWindow") , parent:  QWindow(0x0) , transient parent:  QWidgetWindow(0x1c43678b8b0, name="ArteryTechQtProjectClassWindow")
Warning:  (2019-05-23 03:07:32 周四)
External WM_DESTROY received for  QWidgetWindow(0x1c43675e930, name="QtArteryTechPhysicsSetupUIWindow") , parent:  QWindow(0x0) , transient parent:  QWidgetWindow(0x1c43678b8b0, name="ArteryTechQtProjectClassWindow")
Warning:  (2019-05-23 03:07:32 周四)
External WM_DESTROY received for  QWidgetWindow(0x1c4369be490, name="QtArteryTechBoundarySetupUIWindow") , parent:  QWindow(0x0) , transient parent:  QWidgetWindow(0x1c43678b8b0, name="ArteryTechQtProjectClassWindow")
Critical:  (2019-05-23 06:45:41 周四)
filename: LoginInterface.cpp  line: 888  functionName: LoginInterface::GetSerialNumber  LOG: The license file has been modified to render the program unavailable !
Info:  (2019-05-23 07:01:17 周四)
filename: LoginInterface.cpp  line: 1106  functionName: LoginInterface::SaveLicenseFile  LOG: Register successfully, thank you for using the genuine software, welcome to use!
Info:  (2019-05-23 07:10:01 周四)
filename: ArteryTechQtProject.cpp  line: 316  functionName: ArteryTechQtProject::ActMeshSlot  LOG: Exefilename: "\"D:/Program Files/ANSYS Inc/v145/icemcfd/win64_amd/bin/icemcfd.bat\""
Warning:  (2019-05-23 08:27:38 周四)
External WM_DESTROY received for  QWidgetWindow(0x202d7019a00, name="QtArteryTechOutputSetupUIWindow") , parent:  QWindow(0x0) , transient parent:  QWidgetWindow(0x202d6bb64c0, name="ArteryTechQtProjectClassWindow")
Warning:  (2019-05-23 08:27:38 周四)
External WM_DESTROY received for  QWidgetWindow(0x202d7018200, name="QtArteryTechNonlinearSolverSetupUIWindow") , parent:  QWindow(0x0) , transient parent:  QWidgetWindow(0x202d6bb64c0, name="ArteryTechQtProjectClassWindow")
Warning:  (2019-05-23 08:27:38 周四)
External WM_DESTROY received for  QWidgetWindow(0x202d6bfbbc0, name="QtArteryTechBoundarySetupUIWindow") , parent:  QWindow(0x0) , transient parent:  QWidgetWindow(0x202d6bb64c0, name="ArteryTechQtProjectClassWindow")
Warning:  (2019-05-23 08:27:38 周四)
External WM_DESTROY received for  QWidgetWindow(0x202d6bfd840, name="QtArteryTechPhysicsSetupUIWindow") , parent:  QWindow(0x0) , transient parent:  QWidgetWindow(0x202d6bb64c0, name="ArteryTechQtProjectClassWindow")
Warning:  (2019-05-23 08:27:38 周四)
External WM_DESTROY received for  QWidgetWindow(0x202d7019820, name="QtArteryTechOtherSetupsUIWindow") , parent:  QWindow(0x0) , transient parent:  QWidgetWindow(0x202d6bb64c0, name="ArteryTechQtProjectClassWindow")
Warning:  (2019-05-23 08:27:38 周四)
External WM_DESTROY received for  QWidgetWindow(0x202d701a060, name="QtArteryTechPreconditionerSetupUIWindow") , parent:  QWindow(0x0) , transient parent:  QWidgetWindow(0x202d6bb64c0, name="ArteryTechQtProjectClassWindow")
Warning:  (2019-05-23 08:27:38 周四)
External WM_DESTROY received for  QWidgetWindow(0x202d7018d40, name="QtArteryTechLinearSolverSetupUIWindow") , parent:  QWindow(0x0) , transient parent:  QWidgetWindow(0x202d6bb64c0, name="ArteryTechQtProjectClassWindow")
Warning:  (2019-05-23 14:15:44 周四)
filename: LoginInterface.cpp  line: 1115  functionName: LoginInterface::SaveLicenseFile  LOG: Registration is unsuccessful, please contact the official to obtain the serial number, thank you for supporting the genuine software!
Info:  (2019-05-23 14:26:57 周四)
filename: ArteryTechQtProject.cpp  line: 335  functionName: ArteryTechQtProject::ActViewSlot  LOG: Exefilename: "\"D:/Program Files/ParaView 5.3.0-Qt5-OpenGL2-Windows-64bit/bin/paraview.exe\""
Info:  (2019-05-23 14:40:57 周四)
filename: ArteryTechQtProject.cpp  line: 295  functionName: ArteryTechQtProject::ActDivisionSlot  LOG: Exefilename: "\"D:/Program Files/Materialise/Mimics Research 21.0/MimicsResearch.exe\""
Critical:  (2019-05-23 15:05:06 周四)
filename: ArteryTechQtProject.cpp  line: 780  functionName: ArteryTechQtProject::closeEvent  LOG: Software abnormal exit!
Warning:  (2019-05-23 15:05:06 周四)
External WM_DESTROY received for  QWidgetWindow(0x1e7ef9dc400, name="QtArteryTechPreconditionerSetupUIWindow") , parent:  QWindow(0x0) , transient parent:  QWidgetWindow(0x1e7ea972200, name="ArteryTechQtProjectClassWindow")
Warning:  (2019-05-23 15:05:06 周四)
External WM_DESTROY received for  QWidgetWindow(0x1e7ef9da920, name="QtArteryTechOutputSetupUIWindow") , parent:  QWindow(0x0) , transient parent:  QWidgetWindow(0x1e7ea972200, name="ArteryTechQtProjectClassWindow")
Warning:  (2019-05-23 15:05:06 周四)
External WM_DESTROY received for  QWidgetWindow(0x1e7ef9dd760, name="QtArteryTechTwoLevelPreconditionerUIWindow") , parent:  QWindow(0x0) , transient parent:  QWidgetWindow(0x1e7ea972200, name="ArteryTechQtProjectClassWindow")
Warning:  (2019-05-23 15:05:06 周四)
External WM_DESTROY received for  QWidgetWindow(0x1e7eab42710, name="QtArteryTechPhysicsSetupUIWindow") , parent:  QWindow(0x0) , transient parent:  QWidgetWindow(0x1e7ea972200, name="ArteryTechQtProjectClassWindow")
Info:  (2019-05-23 15:25:52 周四)
filename: ArteryTechQtProject.cpp  line: 317  functionName: ArteryTechQtProject::ActMeshSlot  LOG: Exefilename: "\"D:/Program Files/ANSYS Inc/v145/icemcfd/win64_amd/bin/icemcfd.bat\""
Critical:  (2019-05-23 15:29:06 周四)
filename: ArteryTechQtProject.cpp  line: 780  functionName: ArteryTechQtProject::closeEvent  LOG: Software abnormal exit!
Critical:  (2019-05-23 15:30:38 周四)
filename: ArteryTechQtProject.cpp  line: 780  functionName: ArteryTechQtProject::closeEvent  LOG: Software abnormal exit!
Critical:  (2019-05-23 15:36:29 周四)
filename: ArteryTechQtProject.cpp  line: 780  functionName: ArteryTechQtProject::closeEvent  LOG: Software abnormal exit!
Critical:  (2019-05-23 15:37:44 周四)
filename: ArteryTechQtProject.cpp  line: 780  functionName: ArteryTechQtProject::closeEvent  LOG: Software abnormal exit!
Warning:  (2019-05-23 15:37:44 周四)
External WM_DESTROY received for  QWidgetWindow(0x1564e72ad30, name="QtArteryTechOtherSetupsUIWindow") , parent:  QWindow(0x0) , transient parent:  QWidgetWindow(0x1564b42c2e0, name="ArteryTechQtProjectClassWindow")
Warning:  (2019-05-23 15:37:44 周四)
External WM_DESTROY received for  QWidgetWindow(0x1564e816380, name="QtArteryTechOutputSetupUIWindow") , parent:  QWindow(0x0) , transient parent:  QWidgetWindow(0x1564b42c2e0, name="ArteryTechQtProjectClassWindow")
Warning:  (2019-05-23 15:37:44 周四)
External WM_DESTROY received for  QWidgetWindow(0x1564e816100, name="QtArteryTechTwoLevelPreconditionerUIWindow") , parent:  QWindow(0x0) , transient parent:  QWidgetWindow(0x1564b42c2e0, name="ArteryTechQtProjectClassWindow")
Warning:  (2019-05-23 15:37:44 周四)
External WM_DESTROY received for  QWidgetWindow(0x1564e8149e0, name="QtArteryTechPreconditionerSetupUIWindow") , parent:  QWindow(0x0) , transient parent:  QWidgetWindow(0x1564b42c2e0, name="ArteryTechQtProjectClassWindow")
Warning:  (2019-05-23 15:37:44 周四)
External WM_DESTROY received for  QWidgetWindow(0x1564e812d20, name="QtArteryTechLinearSolverSetupUIWindow") , parent:  QWindow(0x0) , transient parent:  QWidgetWindow(0x1564b42c2e0, name="ArteryTechQtProjectClassWindow")
Warning:  (2019-05-23 15:37:44 周四)
External WM_DESTROY received for  QWidgetWindow(0x1564e815020, name="QtArteryTechNonlinearSolverSetupUIWindow") , parent:  QWindow(0x0) , transient parent:  QWidgetWindow(0x1564b42c2e0, name="ArteryTechQtProjectClassWindow")
Warning:  (2019-05-23 15:37:44 周四)
External WM_DESTROY received for  QWidgetWindow(0x1564b5fcbf0, name="QtArteryTechPhysicsSetupUIWindow") , parent:  QWindow(0x0) , transient parent:  QWidgetWindow(0x1564b42c2e0, name="ArteryTechQtProjectClassWindow")
Warning:  (2019-05-23 15:37:44 周四)
External WM_DESTROY received for  QWidgetWindow(0x1564b5fae90, name="QtArteryTechBoundarySetupUIWindow") , parent:  QWindow(0x0) , transient parent:  QWidgetWindow(0x1564b42c2e0, name="ArteryTechQtProjectClassWindow")
Critical:  (2019-05-23 15:44:32 周四)
filename: ArteryTechQtProject.cpp  line: 780  functionName: ArteryTechQtProject::closeEvent  LOG: Software abnormal exit!