
Info:  (2019-05-21 13:00:39 周二)
filename: ArteryTechQtProject.cpp  line: 297  functionName: ArteryTechQtProject::ActMeshSlot  LOG: Exefilename: "\"D:/Program Files/ANSYS Inc/v145/icemcfd/win64_amd/bin/icemcfd.bat\""
Warning:  (2019-05-21 14:50:33 周二)
QObject::connect: No such signal RegisterInterface::registerSignal()
Warning:  (2019-05-21 14:50:33 周二)
QObject::connect:  (sender name:   'RegisterInterface')
Warning:  (2019-05-21 14:50:33 周二)
QObject::connect:  (receiver name: 'LoginInterface')
Warning:  (2019-05-21 14:54:07 周二)
QObject::connect: No such signal RegisterInterface::registerSignal()
Warning:  (2019-05-21 14:54:07 周二)
QObject::connect:  (sender name:   'RegisterInterface')
Warning:  (2019-05-21 14:54:07 周二)
QObject::connect:  (receiver name: 'LoginInterface')
Info:  (2019-05-21 15:27:49 周二)
filename: RegisterInterface.cpp  line: 78  functionName: RegisterInterface::checkedRegisterUserInfo  LOG: Two inconsistent passwords!
Info:  (2019-05-21 15:54:00 周二)
filename: LoginInterface.cpp  line: 1049  functionName: LoginInterface::SaveLicenseFile  LOG: lineEditstr: "8E5193125378BDB13ADA758DBCD342F59A9C66D7B8A9CC53BE838A7E9E046058"
Info:  (2019-05-21 15:54:00 周二)
filename: LoginInterface.cpp  line: 1068  functionName: LoginInterface::SaveLicenseFile  LOG: currentTimeStr: "20190521"
Info:  (2019-05-21 15:54:00 周二)
filename: LoginInterface.cpp  line: 1088  functionName: LoginInterface::SaveLicenseFile  LOG: Register successfully, thank you for using the genuine software, welcome to use!
Debug:  (2019-05-21 15:54:02 周二)
saveStatus: true
Critical:  (2019-05-21 16:20:51 周二)
filename: LoginInterface.cpp  line: 873  functionName: LoginInterface::GetSerialNumber  LOG: The license file has been modified to render the program unavailable !
Critical:  (2019-05-21 16:21:34 周二)
filename: LoginInterface.cpp  line: 1005  functionName: LoginInterface::SaveLicenseFile  LOG: The license file has been modified to render the program unavailable !
Debug:  (2019-05-21 16:21:37 周二)
saveStatus: false
Info:  (2019-05-21 16:22:23 周二)
filename: LoginInterface.cpp  line: 1049  functionName: LoginInterface::SaveLicenseFile  LOG: lineEditstr: "8E5193125378BDB18025DB8F70482E027FF4CF37FB3CCC2D"
Info:  (2019-05-21 16:22:23 周二)
filename: LoginInterface.cpp  line: 1068  functionName: LoginInterface::SaveLicenseFile  LOG: currentTimeStr: "20190521"
Info:  (2019-05-21 16:22:23 周二)
filename: LoginInterface.cpp  line: 1088  functionName: LoginInterface::SaveLicenseFile  LOG: Register successfully, thank you for using the genuine software, welcome to use!
Debug:  (2019-05-21 16:22:25 周二)
saveStatus: true
Info:  (2019-05-21 16:57:04 周二)
filename: LoginInterface.cpp  line: 1061  functionName: LoginInterface::SaveLicenseFile  LOG: lineEditstr: "8E5193125378BDB18025DB8F70482E027FF4CF37FB3CCC2D"
Info:  (2019-05-21 16:57:06 周二)
filename: LoginInterface.cpp  line: 1083  functionName: LoginInterface::SaveLicenseFile  LOG: currentTimeStr: "20190521"
Info:  (2019-05-21 16:57:06 周二)
filename: LoginInterface.cpp  line: 1103  functionName: LoginInterface::SaveLicenseFile  LOG: Register successfully, thank you for using the genuine software, welcome to use!
Debug:  (2019-05-21 16:57:09 周二)
saveStatus: true
Info:  (2019-05-21 19:24:23 周二)
filename: LoginInterface.cpp  line: 1061  functionName: LoginInterface::SaveLicenseFile  LOG: lineEditstr: "8E5193125378BDB18025DB8F70482E027FF4CF37FB3CCC2D"
Info:  (2019-05-21 19:24:25 周二)
filename: LoginInterface.cpp  line: 1093  functionName: LoginInterface::SaveLicenseFile  LOG: currentTimeStr: "20190521"
Info:  (2019-05-21 19:24:25 周二)
filename: LoginInterface.cpp  line: 1117  functionName: LoginInterface::SaveLicenseFile  LOG: Register successfully, thank you for using the genuine software, welcome to use!
Debug:  (2019-05-21 19:24:27 周二)
saveStatus: true
Info:  (2019-05-21 19:29:59 周二)
filename: LoginInterface.cpp  line: 1061  functionName: LoginInterface::SaveLicenseFile  LOG: lineEditstr: "8E5193125378BDB18025DB8F70482E027FF4CF37FB3CCC2D"
Info:  (2019-05-21 19:30:00 周二)
filename: LoginInterface.cpp  line: 1093  functionName: LoginInterface::SaveLicenseFile  LOG: currentTimeStr: "20190521"
Info:  (2019-05-21 19:30:00 周二)
filename: LoginInterface.cpp  line: 1117  functionName: LoginInterface::SaveLicenseFile  LOG: Register successfully, thank you for using the genuine software, welcome to use!
Debug:  (2019-05-21 19:30:02 周二)
saveStatus: true
Info:  (2019-05-21 19:38:49 周二)
filename: LoginInterface.cpp  line: 1061  functionName: LoginInterface::SaveLicenseFile  LOG: lineEditstr: "8E5193125378BDB18025DB8F70482E027FF4CF37FB3CCC2D"
Info:  (2019-05-21 19:38:50 周二)
filename: LoginInterface.cpp  line: 1093  functionName: LoginInterface::SaveLicenseFile  LOG: currentTimeStr: "20190521"
Info:  (2019-05-21 19:38:50 周二)
filename: LoginInterface.cpp  line: 1117  functionName: LoginInterface::SaveLicenseFile  LOG: Register successfully, thank you for using the genuine software, welcome to use!
Debug:  (2019-05-21 19:38:51 周二)
saveStatus: true
Info:  (2019-05-21 19:54:37 周二)
filename: LoginInterface.cpp  line: 1061  functionName: LoginInterface::SaveLicenseFile  LOG: lineEditstr: "8E5193125378BDB18025DB8F70482E027FF4CF37FB3CCC2D"
Info:  (2019-05-21 19:54:48 周二)
filename: LoginInterface.cpp  line: 1094  functionName: LoginInterface::SaveLicenseFile  LOG: currentTimeStr: "20190521"
Info:  (2019-05-21 19:54:48 周二)
filename: LoginInterface.cpp  line: 1119  functionName: LoginInterface::SaveLicenseFile  LOG: Register successfully, thank you for using the genuine software, welcome to use!
Debug:  (2019-05-21 19:54:50 周二)
saveStatus: true
Info:  (2019-05-21 19:56:59 周二)
filename: LoginInterface.cpp  line: 1062  functionName: LoginInterface::SaveLicenseFile  LOG: lineEditstr: "8E5193125378BDB18025DB8F70482E027FF4CF37FB3CCC2D"
Info:  (2019-05-21 19:57:04 周二)
filename: LoginInterface.cpp  line: 1096  functionName: LoginInterface::SaveLicenseFile  LOG: currentTimeStr: "20190521"
Info:  (2019-05-21 19:57:04 周二)
filename: LoginInterface.cpp  line: 1121  functionName: LoginInterface::SaveLicenseFile  LOG: Register successfully, thank you for using the genuine software, welcome to use!
Debug:  (2019-05-21 19:57:05 周二)
saveStatus: true
Debug:  (2019-05-21 19:59:38 周二)
saveStatus: true