d:\hbflowssrc\arterytechqtproject\arterytechqtproject\generatedfiles\ui_abnormaldata.h
d:\hbflowssrc\arterytechqtproject\arterytechqtproject\generatedfiles\ui_arterytechqtproject.h
d:\hbflowssrc\arterytechqtproject\arterytechqtproject\generatedfiles\ui_encryptedfiledialog.h
d:\hbflowssrc\arterytechqtproject\arterytechqtproject\generatedfiles\ui_getcalculationresultsdialog.h
d:\hbflowssrc\arterytechqtproject\arterytechqtproject\generatedfiles\ui_help.h
d:\hbflowssrc\arterytechqtproject\arterytechqtproject\generatedfiles\ui_installationalignment.h
d:\hbflowssrc\arterytechqtproject\arterytechqtproject\generatedfiles\ui_logininterface.h
d:\hbflowssrc\arterytechqtproject\arterytechqtproject\generatedfiles\ui_puttyinformationdialog.h
d:\hbflowssrc\arterytechqtproject\arterytechqtproject\generatedfiles\ui_qtarterytechboundarysetupui.h
d:\hbflowssrc\arterytechqtproject\arterytechqtproject\generatedfiles\ui_qtarterytechlinearsolversetupui.h
d:\hbflowssrc\arterytechqtproject\arterytechqtproject\generatedfiles\ui_qtarterytechmeshsetup.h
d:\hbflowssrc\arterytechqtproject\arterytechqtproject\generatedfiles\ui_qtarterytechnonlinearsolversetupui.h
d:\hbflowssrc\arterytechqtproject\arterytechqtproject\generatedfiles\ui_qtarterytechothersetupsui.h
d:\hbflowssrc\arterytechqtproject\arterytechqtproject\generatedfiles\ui_qtarterytechoutputsetupui.h
d:\hbflowssrc\arterytechqtproject\arterytechqtproject\generatedfiles\ui_qtarterytechphysicssetupui.h
d:\hbflowssrc\arterytechqtproject\arterytechqtproject\generatedfiles\ui_qtarterytechpreconditionersetupui.h
d:\hbflowssrc\arterytechqtproject\arterytechqtproject\generatedfiles\ui_qtarterytechtwolevelpreconditionerui.h
d:\hbflowssrc\arterytechqtproject\arterytechqtproject\generatedfiles\ui_qtpainevent.h
d:\hbflowssrc\arterytechqtproject\arterytechqtproject\generatedfiles\ui_qtvtkdialog.h
d:\hbflowssrc\arterytechqtproject\arterytechqtproject\generatedfiles\ui_registerinterface.h
d:\hbflowssrc\arterytechqtproject\arterytechqtproject\generatedfiles\ui_retrievepasswordinterface.h
d:\hbflowssrc\arterytechqtproject\arterytechqtproject\generatedfiles\ui_sshclient.h
d:\hbflowssrc\arterytechqtproject\arterytechqtproject\generatedfiles\ui_tcpclientdialog.h
d:\hbflowssrc\arterytechqtproject\arterytechqtproject\generatedfiles\qrc_arterytechqtproject.cpp
d:\hbflowssrc\arterytechqtproject\arterytechqtproject\generatedfiles\debug\moc_arterytechqtproject.cpp
d:\hbflowssrc\arterytechqtproject\arterytechqtproject\generatedfiles\debug\moc_retrievepasswordinterface.cpp
d:\hbflowssrc\arterytechqtproject\arterytechqtproject\generatedfiles\debug\moc_userinformation.cpp
d:\hbflowssrc\arterytechqtproject\arterytechqtproject\generatedfiles\debug\moc_tcpclientdialog.cpp
d:\hbflowssrc\arterytechqtproject\arterytechqtproject\generatedfiles\debug\moc_sshclient.cpp
d:\hbflowssrc\arterytechqtproject\arterytechqtproject\generatedfiles\debug\moc_qttcpclient.cpp
d:\hbflowssrc\arterytechqtproject\arterytechqtproject\generatedfiles\debug\moc_qtarterytechboundarysetupui.cpp
d:\hbflowssrc\arterytechqtproject\arterytechqtproject\generatedfiles\debug\moc_qtarterytechlinearsolversetupui.cpp
d:\hbflowssrc\arterytechqtproject\arterytechqtproject\generatedfiles\debug\moc_qtarterytechmeshsetup.cpp
d:\hbflowssrc\arterytechqtproject\arterytechqtproject\generatedfiles\debug\moc_qtarterytechnonlinearsolversetupui.cpp
d:\hbflowssrc\arterytechqtproject\arterytechqtproject\generatedfiles\debug\moc_qtarterytechothersetupsui.cpp
d:\hbflowssrc\arterytechqtproject\arterytechqtproject\generatedfiles\debug\moc_qtarterytechoutputsetupui.cpp
d:\hbflowssrc\arterytechqtproject\arterytechqtproject\generatedfiles\debug\moc_qtarterytechphysicssetupui.cpp
d:\hbflowssrc\arterytechqtproject\arterytechqtproject\generatedfiles\debug\moc_qtarterytechpreconditionersetupui.cpp
d:\hbflowssrc\arterytechqtproject\arterytechqtproject\generatedfiles\debug\moc_qtarterytechtwolevelpreconditionerui.cpp
d:\hbflowssrc\arterytechqtproject\arterytechqtproject\generatedfiles\debug\moc_qtpainevent.cpp
d:\hbflowssrc\arterytechqtproject\arterytechqtproject\generatedfiles\debug\moc_help.cpp
d:\hbflowssrc\arterytechqtproject\arterytechqtproject\generatedfiles\debug\moc_htmlcreatedword.cpp
d:\hbflowssrc\arterytechqtproject\arterytechqtproject\generatedfiles\debug\moc_qtvtkdialog.cpp
d:\hbflowssrc\arterytechqtproject\arterytechqtproject\generatedfiles\debug\moc_abnormaldata.cpp
d:\hbflowssrc\arterytechqtproject\arterytechqtproject\generatedfiles\debug\moc_puttyinformationdialog.cpp
d:\hbflowssrc\arterytechqtproject\arterytechqtproject\generatedfiles\debug\moc_logininterface.cpp
d:\hbflowssrc\arterytechqtproject\arterytechqtproject\generatedfiles\debug\moc_registerinterface.cpp
d:\hbflowssrc\arterytechqtproject\arterytechqtproject\generatedfiles\debug\moc_installationalignment.cpp
d:\hbflowssrc\arterytechqtproject\arterytechqtproject\generatedfiles\debug\moc_encryptedfiledialog.cpp
d:\hbflowssrc\arterytechqtproject\arterytechqtproject\generatedfiles\debug\moc_getcalculationresultsdialog.cpp
d:\gitwork\hbflowssrc\arterytechqtproject\arterytechqtproject\generatedfiles\ui_abnormaldata.h
d:\gitwork\hbflowssrc\arterytechqtproject\arterytechqtproject\generatedfiles\ui_arterytechqtproject.h
d:\gitwork\hbflowssrc\arterytechqtproject\arterytechqtproject\generatedfiles\ui_encryptedfiledialog.h
d:\gitwork\hbflowssrc\arterytechqtproject\arterytechqtproject\generatedfiles\ui_getcalculationresultsdialog.h
d:\gitwork\hbflowssrc\arterytechqtproject\arterytechqtproject\generatedfiles\ui_help.h
d:\gitwork\hbflowssrc\arterytechqtproject\arterytechqtproject\generatedfiles\ui_installationalignment.h
d:\gitwork\hbflowssrc\arterytechqtproject\arterytechqtproject\generatedfiles\ui_logininterface.h
d:\gitwork\hbflowssrc\arterytechqtproject\arterytechqtproject\generatedfiles\ui_puttyinformationdialog.h
d:\gitwork\hbflowssrc\arterytechqtproject\arterytechqtproject\generatedfiles\ui_qtarterytechboundarysetupui.h
d:\gitwork\hbflowssrc\arterytechqtproject\arterytechqtproject\generatedfiles\ui_qtarterytechlinearsolversetupui.h
d:\gitwork\hbflowssrc\arterytechqtproject\arterytechqtproject\generatedfiles\ui_qtarterytechmeshsetup.h
d:\gitwork\hbflowssrc\arterytechqtproject\arterytechqtproject\generatedfiles\ui_qtarterytechnonlinearsolversetupui.h
d:\gitwork\hbflowssrc\arterytechqtproject\arterytechqtproject\generatedfiles\ui_qtarterytechothersetupsui.h
d:\gitwork\hbflowssrc\arterytechqtproject\arterytechqtproject\generatedfiles\ui_qtarterytechoutputsetupui.h
d:\gitwork\hbflowssrc\arterytechqtproject\arterytechqtproject\generatedfiles\ui_qtarterytechphysicssetupui.h
d:\gitwork\hbflowssrc\arterytechqtproject\arterytechqtproject\generatedfiles\ui_qtarterytechpreconditionersetupui.h
d:\gitwork\hbflowssrc\arterytechqtproject\arterytechqtproject\generatedfiles\ui_qtarterytechtwolevelpreconditionerui.h
d:\gitwork\hbflowssrc\arterytechqtproject\arterytechqtproject\generatedfiles\ui_qtpainevent.h
d:\gitwork\hbflowssrc\arterytechqtproject\arterytechqtproject\generatedfiles\ui_qtvtkdialog.h
d:\gitwork\hbflowssrc\arterytechqtproject\arterytechqtproject\generatedfiles\ui_registerinterface.h
d:\gitwork\hbflowssrc\arterytechqtproject\arterytechqtproject\generatedfiles\ui_retrievepasswordinterface.h
d:\gitwork\hbflowssrc\arterytechqtproject\arterytechqtproject\generatedfiles\ui_sshclient.h
d:\gitwork\hbflowssrc\arterytechqtproject\arterytechqtproject\generatedfiles\ui_tcpclientdialog.h
d:\gitwork\hbflowssrc\arterytechqtproject\arterytechqtproject\generatedfiles\qrc_arterytechqtproject.cpp
d:\gitwork\hbflowssrc\arterytechqtproject\arterytechqtproject\generatedfiles\debug\moc_arterytechqtproject.cpp
d:\gitwork\hbflowssrc\arterytechqtproject\arterytechqtproject\generatedfiles\debug\moc_retrievepasswordinterface.cpp
d:\gitwork\hbflowssrc\arterytechqtproject\arterytechqtproject\generatedfiles\debug\moc_userinformation.cpp
d:\gitwork\hbflowssrc\arterytechqtproject\arterytechqtproject\generatedfiles\debug\moc_tcpclientdialog.cpp
d:\gitwork\hbflowssrc\arterytechqtproject\arterytechqtproject\generatedfiles\debug\moc_sshclient.cpp
d:\gitwork\hbflowssrc\arterytechqtproject\arterytechqtproject\generatedfiles\debug\moc_qttcpclient.cpp
d:\gitwork\hbflowssrc\arterytechqtproject\arterytechqtproject\generatedfiles\debug\moc_qtarterytechboundarysetupui.cpp
d:\gitwork\hbflowssrc\arterytechqtproject\arterytechqtproject\generatedfiles\debug\moc_qtarterytechlinearsolversetupui.cpp
d:\gitwork\hbflowssrc\arterytechqtproject\arterytechqtproject\generatedfiles\debug\moc_qtarterytechmeshsetup.cpp
d:\gitwork\hbflowssrc\arterytechqtproject\arterytechqtproject\generatedfiles\debug\moc_qtarterytechnonlinearsolversetupui.cpp
d:\gitwork\hbflowssrc\arterytechqtproject\arterytechqtproject\generatedfiles\debug\moc_qtarterytechothersetupsui.cpp
d:\gitwork\hbflowssrc\arterytechqtproject\arterytechqtproject\generatedfiles\debug\moc_qtarterytechoutputsetupui.cpp
d:\gitwork\hbflowssrc\arterytechqtproject\arterytechqtproject\generatedfiles\debug\moc_qtarterytechphysicssetupui.cpp
d:\gitwork\hbflowssrc\arterytechqtproject\arterytechqtproject\generatedfiles\debug\moc_qtarterytechpreconditionersetupui.cpp
d:\gitwork\hbflowssrc\arterytechqtproject\arterytechqtproject\generatedfiles\debug\moc_qtarterytechtwolevelpreconditionerui.cpp
d:\gitwork\hbflowssrc\arterytechqtproject\arterytechqtproject\generatedfiles\debug\moc_qtpainevent.cpp
d:\gitwork\hbflowssrc\arterytechqtproject\arterytechqtproject\generatedfiles\debug\moc_help.cpp
d:\gitwork\hbflowssrc\arterytechqtproject\arterytechqtproject\generatedfiles\debug\moc_htmlcreatedword.cpp
d:\gitwork\hbflowssrc\arterytechqtproject\arterytechqtproject\generatedfiles\debug\moc_qtvtkdialog.cpp
d:\gitwork\hbflowssrc\arterytechqtproject\arterytechqtproject\generatedfiles\debug\moc_abnormaldata.cpp
d:\gitwork\hbflowssrc\arterytechqtproject\arterytechqtproject\generatedfiles\debug\moc_puttyinformationdialog.cpp
d:\gitwork\hbflowssrc\arterytechqtproject\arterytechqtproject\generatedfiles\debug\moc_logininterface.cpp
d:\gitwork\hbflowssrc\arterytechqtproject\arterytechqtproject\generatedfiles\debug\moc_registerinterface.cpp
d:\gitwork\hbflowssrc\arterytechqtproject\arterytechqtproject\generatedfiles\debug\moc_installationalignment.cpp
d:\gitwork\hbflowssrc\arterytechqtproject\arterytechqtproject\generatedfiles\debug\moc_encryptedfiledialog.cpp
d:\gitwork\hbflowssrc\arterytechqtproject\arterytechqtproject\generatedfiles\debug\moc_getcalculationresultsdialog.cpp
d:\hbflowssrc\arterytechqtproject\arterytechqtproject\x64\debug\arterytechqtproject.obj
d:\hbflowssrc\arterytechqtproject\arterytechqtproject\x64\debug\moc_abnormaldata.obj
d:\hbflowssrc\arterytechqtproject\arterytechqtproject\x64\debug\moc_installationalignment.obj
d:\hbflowssrc\arterytechqtproject\arterytechqtproject\x64\debug\logininterface.obj
d:\hbflowssrc\arterytechqtproject\arterytechqtproject\x64\debug\moc_registerinterface.obj
d:\hbflowssrc\arterytechqtproject\arterytechqtproject\x64\debug\installationalignment.obj
d:\hbflowssrc\arterytechqtproject\arterytechqtproject\x64\debug\qtarterytechlinearsolversetupui.obj
d:\hbflowssrc\arterytechqtproject\arterytechqtproject\x64\debug\qtarterytechphysicssetupui.obj
d:\hbflowssrc\arterytechqtproject\arterytechqtproject\x64\debug\registerinterface.obj
d:\hbflowssrc\arterytechqtproject\arterytechqtproject\x64\debug\tcpclientdialog.obj
d:\hbflowssrc\arterytechqtproject\arterytechqtproject\x64\debug\moc_userinformation.obj
d:\hbflowssrc\arterytechqtproject\arterytechqtproject\x64\debug\moc_sshclient.obj
d:\hbflowssrc\arterytechqtproject\arterytechqtproject\x64\debug\moc_qtarterytechmeshsetup.obj
d:\hbflowssrc\arterytechqtproject\arterytechqtproject\x64\debug\moc_qtarterytechphysicssetupui.obj
d:\hbflowssrc\arterytechqtproject\arterytechqtproject\x64\debug\moc_help.obj
d:\hbflowssrc\arterytechqtproject\arterytechqtproject\x64\debug\moc_puttyinformationdialog.obj
d:\hbflowssrc\arterytechqtproject\arterytechqtproject\x64\debug\moc_getcalculationresultsdialog.obj
d:\hbflowssrc\arterytechqtproject\arterytechqtproject\x64\debug\help.obj
d:\hbflowssrc\arterytechqtproject\arterytechqtproject\x64\debug\puttyinformationdialog.obj
d:\hbflowssrc\arterytechqtproject\arterytechqtproject\x64\debug\qtarterytechothersetupsui.obj
d:\hbflowssrc\arterytechqtproject\arterytechqtproject\x64\debug\qtpainevent.obj
d:\hbflowssrc\arterytechqtproject\arterytechqtproject\x64\debug\moc_tcpclientdialog.obj
d:\hbflowssrc\arterytechqtproject\arterytechqtproject\x64\debug\moc_qtarterytechnonlinearsolversetupui.obj
d:\hbflowssrc\arterytechqtproject\arterytechqtproject\x64\debug\moc_qtarterytechpreconditionersetupui.obj
d:\hbflowssrc\arterytechqtproject\arterytechqtproject\x64\debug\moc_htmlcreatedword.obj
d:\hbflowssrc\arterytechqtproject\arterytechqtproject\x64\debug\moc_logininterface.obj
d:\hbflowssrc\arterytechqtproject\arterytechqtproject\x64\debug\htmlcreatedword.obj
d:\hbflowssrc\arterytechqtproject\arterytechqtproject\x64\debug\main.obj
d:\hbflowssrc\arterytechqtproject\arterytechqtproject\x64\debug\moc_encryptedfiledialog.obj
d:\hbflowssrc\arterytechqtproject\arterytechqtproject\x64\debug\encryptedfiledialog.obj
d:\hbflowssrc\arterytechqtproject\arterytechqtproject\x64\debug\qtarterytechmeshsetup.obj
d:\hbflowssrc\arterytechqtproject\arterytechqtproject\x64\debug\qtarterytechoutputsetupui.obj
d:\hbflowssrc\arterytechqtproject\arterytechqtproject\x64\debug\qttcpclient.obj
d:\hbflowssrc\arterytechqtproject\arterytechqtproject\x64\debug\userinformation.obj
d:\hbflowssrc\arterytechqtproject\arterytechqtproject\x64\debug\qrc_arterytechqtproject.obj
d:\hbflowssrc\arterytechqtproject\arterytechqtproject\x64\debug\moc_arterytechqtproject.obj
d:\hbflowssrc\arterytechqtproject\arterytechqtproject\x64\debug\getcalculationresultsdialog.obj
d:\hbflowssrc\arterytechqtproject\arterytechqtproject\x64\debug\qtarterytechnonlinearsolversetupui.obj
d:\hbflowssrc\arterytechqtproject\arterytechqtproject\x64\debug\qtarterytechpreconditionersetupui.obj
d:\hbflowssrc\arterytechqtproject\arterytechqtproject\x64\debug\qtvtkdialog.obj
d:\hbflowssrc\arterytechqtproject\arterytechqtproject\x64\debug\moc_qttcpclient.obj
d:\hbflowssrc\arterytechqtproject\arterytechqtproject\x64\debug\moc_qtarterytechothersetupsui.obj
d:\hbflowssrc\arterytechqtproject\arterytechqtproject\x64\debug\moc_qtarterytechtwolevelpreconditionerui.obj
d:\hbflowssrc\arterytechqtproject\arterytechqtproject\x64\debug\moc_qtvtkdialog.obj
d:\hbflowssrc\arterytechqtproject\arterytechqtproject\x64\debug\abnormaldata.obj
d:\hbflowssrc\arterytechqtproject\arterytechqtproject\x64\debug\qtarterytechboundarysetupui.obj
d:\hbflowssrc\arterytechqtproject\arterytechqtproject\x64\debug\qtarterytechtwolevelpreconditionerui.obj
d:\hbflowssrc\arterytechqtproject\arterytechqtproject\x64\debug\retrievepasswordinterface.obj
d:\hbflowssrc\arterytechqtproject\arterytechqtproject\x64\debug\sshclient.obj
d:\hbflowssrc\arterytechqtproject\arterytechqtproject\x64\debug\moc_retrievepasswordinterface.obj
d:\hbflowssrc\arterytechqtproject\arterytechqtproject\x64\debug\moc_qtarterytechboundarysetupui.obj
d:\hbflowssrc\arterytechqtproject\arterytechqtproject\x64\debug\moc_qtarterytechlinearsolversetupui.obj
d:\hbflowssrc\arterytechqtproject\arterytechqtproject\x64\debug\moc_qtarterytechoutputsetupui.obj
d:\hbflowssrc\arterytechqtproject\arterytechqtproject\x64\debug\moc_qtpainevent.obj
d:\hbflowssrc\arterytechqtproject\arterytechqtproject\x64\debug\vc140.pdb
d:\gitwork\hbflowssrc\arterytechqtproject\arterytechqtproject\x64\debug\logininterface.obj
d:\gitwork\hbflowssrc\arterytechqtproject\arterytechqtproject\x64\debug\moc_logininterface.obj
d:\gitwork\hbflowssrc\arterytechqtproject\arterytechqtproject\x64\debug\abnormaldata.obj
d:\gitwork\hbflowssrc\arterytechqtproject\arterytechqtproject\x64\debug\qtarterytechlinearsolversetupui.obj
d:\gitwork\hbflowssrc\arterytechqtproject\arterytechqtproject\x64\debug\qtarterytechoutputsetupui.obj
d:\gitwork\hbflowssrc\arterytechqtproject\arterytechqtproject\x64\debug\qttcpclient.obj
d:\gitwork\hbflowssrc\arterytechqtproject\arterytechqtproject\x64\debug\tcpclientdialog.obj
d:\gitwork\hbflowssrc\arterytechqtproject\arterytechqtproject\x64\debug\moc_retrievepasswordinterface.obj
d:\gitwork\hbflowssrc\arterytechqtproject\arterytechqtproject\x64\debug\moc_qtarterytechboundarysetupui.obj
d:\gitwork\hbflowssrc\arterytechqtproject\arterytechqtproject\x64\debug\moc_qtarterytechmeshsetup.obj
d:\gitwork\hbflowssrc\arterytechqtproject\arterytechqtproject\x64\debug\moc_qtarterytechphysicssetupui.obj
d:\gitwork\hbflowssrc\arterytechqtproject\arterytechqtproject\x64\debug\moc_help.obj
d:\gitwork\hbflowssrc\arterytechqtproject\arterytechqtproject\x64\debug\moc_puttyinformationdialog.obj
d:\gitwork\hbflowssrc\arterytechqtproject\arterytechqtproject\x64\debug\moc_getcalculationresultsdialog.obj
d:\gitwork\hbflowssrc\arterytechqtproject\arterytechqtproject\x64\debug\help.obj
d:\gitwork\hbflowssrc\arterytechqtproject\arterytechqtproject\x64\debug\puttyinformationdialog.obj
d:\gitwork\hbflowssrc\arterytechqtproject\arterytechqtproject\x64\debug\qtarterytechothersetupsui.obj
d:\gitwork\hbflowssrc\arterytechqtproject\arterytechqtproject\x64\debug\qtpainevent.obj
d:\gitwork\hbflowssrc\arterytechqtproject\arterytechqtproject\x64\debug\moc_tcpclientdialog.obj
d:\gitwork\hbflowssrc\arterytechqtproject\arterytechqtproject\x64\debug\moc_qtarterytechlinearsolversetupui.obj
d:\gitwork\hbflowssrc\arterytechqtproject\arterytechqtproject\x64\debug\moc_qtarterytechoutputsetupui.obj
d:\gitwork\hbflowssrc\arterytechqtproject\arterytechqtproject\x64\debug\moc_qtpainevent.obj
d:\gitwork\hbflowssrc\arterytechqtproject\arterytechqtproject\x64\debug\installationalignment.obj
d:\gitwork\hbflowssrc\arterytechqtproject\arterytechqtproject\x64\debug\qtarterytechboundarysetupui.obj
d:\gitwork\hbflowssrc\arterytechqtproject\arterytechqtproject\x64\debug\qtarterytechtwolevelpreconditionerui.obj
d:\gitwork\hbflowssrc\arterytechqtproject\arterytechqtproject\x64\debug\retrievepasswordinterface.obj
d:\gitwork\hbflowssrc\arterytechqtproject\arterytechqtproject\x64\debug\sshclient.obj
d:\gitwork\hbflowssrc\arterytechqtproject\arterytechqtproject\x64\debug\moc_userinformation.obj
d:\gitwork\hbflowssrc\arterytechqtproject\arterytechqtproject\x64\debug\moc_sshclient.obj
d:\gitwork\hbflowssrc\arterytechqtproject\arterytechqtproject\x64\debug\moc_qtarterytechnonlinearsolversetupui.obj
d:\gitwork\hbflowssrc\arterytechqtproject\arterytechqtproject\x64\debug\moc_qtarterytechpreconditionersetupui.obj
d:\gitwork\hbflowssrc\arterytechqtproject\arterytechqtproject\x64\debug\moc_htmlcreatedword.obj
d:\gitwork\hbflowssrc\arterytechqtproject\arterytechqtproject\x64\debug\moc_registerinterface.obj
d:\gitwork\hbflowssrc\arterytechqtproject\arterytechqtproject\x64\debug\htmlcreatedword.obj
d:\gitwork\hbflowssrc\arterytechqtproject\arterytechqtproject\x64\debug\main.obj
d:\gitwork\hbflowssrc\arterytechqtproject\arterytechqtproject\x64\debug\moc_installationalignment.obj
d:\gitwork\hbflowssrc\arterytechqtproject\arterytechqtproject\x64\debug\arterytechqtproject.obj
d:\gitwork\hbflowssrc\arterytechqtproject\arterytechqtproject\x64\debug\moc_abnormaldata.obj
d:\gitwork\hbflowssrc\arterytechqtproject\arterytechqtproject\x64\debug\moc_encryptedfiledialog.obj
d:\gitwork\hbflowssrc\arterytechqtproject\arterytechqtproject\x64\debug\getcalculationresultsdialog.obj
d:\gitwork\hbflowssrc\arterytechqtproject\arterytechqtproject\x64\debug\qtarterytechmeshsetup.obj
d:\gitwork\hbflowssrc\arterytechqtproject\arterytechqtproject\x64\debug\qtarterytechphysicssetupui.obj
d:\gitwork\hbflowssrc\arterytechqtproject\arterytechqtproject\x64\debug\registerinterface.obj
d:\gitwork\hbflowssrc\arterytechqtproject\arterytechqtproject\x64\debug\userinformation.obj
d:\gitwork\hbflowssrc\arterytechqtproject\arterytechqtproject\x64\debug\qrc_arterytechqtproject.obj
d:\gitwork\hbflowssrc\arterytechqtproject\arterytechqtproject\x64\debug\moc_arterytechqtproject.obj
d:\gitwork\hbflowssrc\arterytechqtproject\arterytechqtproject\x64\debug\encryptedfiledialog.obj
d:\gitwork\hbflowssrc\arterytechqtproject\arterytechqtproject\x64\debug\qtarterytechnonlinearsolversetupui.obj
d:\gitwork\hbflowssrc\arterytechqtproject\arterytechqtproject\x64\debug\qtarterytechpreconditionersetupui.obj
d:\gitwork\hbflowssrc\arterytechqtproject\arterytechqtproject\x64\debug\qtvtkdialog.obj
d:\gitwork\hbflowssrc\arterytechqtproject\arterytechqtproject\x64\debug\moc_qttcpclient.obj
d:\gitwork\hbflowssrc\arterytechqtproject\arterytechqtproject\x64\debug\moc_qtarterytechothersetupsui.obj
d:\gitwork\hbflowssrc\arterytechqtproject\arterytechqtproject\x64\debug\moc_qtarterytechtwolevelpreconditionerui.obj
d:\gitwork\hbflowssrc\arterytechqtproject\arterytechqtproject\x64\debug\moc_qtvtkdialog.obj
d:\gitwork\hbflowssrc\arterytechqtproject\arterytechqtproject\x64\debug\vc140.pdb
d:\hbflowssrc\arterytechqtproject\x64\debug\arterytechqtproject.ilk
d:\hbflowssrc\arterytechqtproject\x64\debug\arterytechqtproject.exe
d:\hbflowssrc\arterytechqtproject\x64\debug\arterytechqtproject.pdb
d:\gitwork\hbflowssrc\arterytechqtproject\x64\debug\arterytechqtproject.ilk
d:\gitwork\hbflowssrc\arterytechqtproject\x64\debug\arterytechqtproject.exe
d:\gitwork\hbflowssrc\arterytechqtproject\x64\debug\arterytechqtproject.pdb
d:\gitwork\hbflowssrc\arterytechqtproject\arterytechqtproject\.\generatedfiles\debug\moc_arterytechqtproject.cpp
d:\gitwork\hbflowssrc\arterytechqtproject\arterytechqtproject\.\generatedfiles\debug\moc_retrievepasswordinterface.cpp
d:\gitwork\hbflowssrc\arterytechqtproject\arterytechqtproject\.\generatedfiles\debug\moc_userinformation.cpp
d:\gitwork\hbflowssrc\arterytechqtproject\arterytechqtproject\.\generatedfiles\debug\moc_tcpclientdialog.cpp
d:\gitwork\hbflowssrc\arterytechqtproject\arterytechqtproject\.\generatedfiles\debug\moc_sshclient.cpp
d:\gitwork\hbflowssrc\arterytechqtproject\arterytechqtproject\.\generatedfiles\debug\moc_qttcpclient.cpp
d:\gitwork\hbflowssrc\arterytechqtproject\arterytechqtproject\.\generatedfiles\debug\moc_qtarterytechboundarysetupui.cpp
d:\gitwork\hbflowssrc\arterytechqtproject\arterytechqtproject\.\generatedfiles\debug\moc_qtarterytechlinearsolversetupui.cpp
d:\gitwork\hbflowssrc\arterytechqtproject\arterytechqtproject\.\generatedfiles\debug\moc_qtarterytechmeshsetup.cpp
d:\gitwork\hbflowssrc\arterytechqtproject\arterytechqtproject\.\generatedfiles\debug\moc_qtarterytechnonlinearsolversetupui.cpp
d:\gitwork\hbflowssrc\arterytechqtproject\arterytechqtproject\.\generatedfiles\debug\moc_qtarterytechothersetupsui.cpp
d:\gitwork\hbflowssrc\arterytechqtproject\arterytechqtproject\.\generatedfiles\debug\moc_qtarterytechoutputsetupui.cpp
d:\gitwork\hbflowssrc\arterytechqtproject\arterytechqtproject\.\generatedfiles\debug\moc_qtarterytechphysicssetupui.cpp
d:\gitwork\hbflowssrc\arterytechqtproject\arterytechqtproject\.\generatedfiles\debug\moc_qtarterytechpreconditionersetupui.cpp
d:\gitwork\hbflowssrc\arterytechqtproject\arterytechqtproject\.\generatedfiles\debug\moc_qtarterytechtwolevelpreconditionerui.cpp
d:\gitwork\hbflowssrc\arterytechqtproject\arterytechqtproject\.\generatedfiles\debug\moc_qtpainevent.cpp
d:\gitwork\hbflowssrc\arterytechqtproject\arterytechqtproject\.\generatedfiles\debug\moc_help.cpp
d:\gitwork\hbflowssrc\arterytechqtproject\arterytechqtproject\.\generatedfiles\debug\moc_htmlcreatedword.cpp
d:\gitwork\hbflowssrc\arterytechqtproject\arterytechqtproject\.\generatedfiles\debug\moc_qtvtkdialog.cpp
d:\gitwork\hbflowssrc\arterytechqtproject\arterytechqtproject\.\generatedfiles\debug\moc_abnormaldata.cpp
d:\gitwork\hbflowssrc\arterytechqtproject\arterytechqtproject\.\generatedfiles\debug\moc_puttyinformationdialog.cpp
d:\gitwork\hbflowssrc\arterytechqtproject\arterytechqtproject\.\generatedfiles\debug\moc_logininterface.cpp
d:\gitwork\hbflowssrc\arterytechqtproject\arterytechqtproject\.\generatedfiles\debug\moc_registerinterface.cpp
d:\gitwork\hbflowssrc\arterytechqtproject\arterytechqtproject\.\generatedfiles\debug\moc_installationalignment.cpp
d:\gitwork\hbflowssrc\arterytechqtproject\arterytechqtproject\.\generatedfiles\debug\moc_encryptedfiledialog.cpp
d:\gitwork\hbflowssrc\arterytechqtproject\arterytechqtproject\.\generatedfiles\debug\moc_getcalculationresultsdialog.cpp
d:\hbflowssrc\arterytechqtproject\arterytechqtproject\x64\debug\arterytechqtproject.res
d:\gitwork\hbflowssrc\arterytechqtproject\arterytechqtproject\x64\debug\arterytechqtproject.res
d:\gitwork\hbflowssrc\arterytechqtproject\arterytechqtproject\.\generatedfiles\qrc_arterytechqtproject.cpp
d:\gitwork\hbflowssrc\arterytechqtproject\arterytechqtproject\.\generatedfiles\ui_abnormaldata.h
d:\gitwork\hbflowssrc\arterytechqtproject\arterytechqtproject\.\generatedfiles\ui_arterytechqtproject.h
d:\gitwork\hbflowssrc\arterytechqtproject\arterytechqtproject\.\generatedfiles\ui_encryptedfiledialog.h
d:\gitwork\hbflowssrc\arterytechqtproject\arterytechqtproject\.\generatedfiles\ui_getcalculationresultsdialog.h
d:\gitwork\hbflowssrc\arterytechqtproject\arterytechqtproject\.\generatedfiles\ui_help.h
d:\gitwork\hbflowssrc\arterytechqtproject\arterytechqtproject\.\generatedfiles\ui_installationalignment.h
d:\gitwork\hbflowssrc\arterytechqtproject\arterytechqtproject\.\generatedfiles\ui_logininterface.h
d:\gitwork\hbflowssrc\arterytechqtproject\arterytechqtproject\.\generatedfiles\ui_puttyinformationdialog.h
d:\gitwork\hbflowssrc\arterytechqtproject\arterytechqtproject\.\generatedfiles\ui_qtarterytechboundarysetupui.h
d:\gitwork\hbflowssrc\arterytechqtproject\arterytechqtproject\.\generatedfiles\ui_qtarterytechlinearsolversetupui.h
d:\gitwork\hbflowssrc\arterytechqtproject\arterytechqtproject\.\generatedfiles\ui_qtarterytechmeshsetup.h
d:\gitwork\hbflowssrc\arterytechqtproject\arterytechqtproject\.\generatedfiles\ui_qtarterytechnonlinearsolversetupui.h
d:\gitwork\hbflowssrc\arterytechqtproject\arterytechqtproject\.\generatedfiles\ui_qtarterytechothersetupsui.h
d:\gitwork\hbflowssrc\arterytechqtproject\arterytechqtproject\.\generatedfiles\ui_qtarterytechoutputsetupui.h
d:\gitwork\hbflowssrc\arterytechqtproject\arterytechqtproject\.\generatedfiles\ui_qtarterytechphysicssetupui.h
d:\gitwork\hbflowssrc\arterytechqtproject\arterytechqtproject\.\generatedfiles\ui_qtarterytechpreconditionersetupui.h
d:\gitwork\hbflowssrc\arterytechqtproject\arterytechqtproject\.\generatedfiles\ui_qtarterytechtwolevelpreconditionerui.h
d:\gitwork\hbflowssrc\arterytechqtproject\arterytechqtproject\.\generatedfiles\ui_qtpainevent.h
d:\gitwork\hbflowssrc\arterytechqtproject\arterytechqtproject\.\generatedfiles\ui_qtvtkdialog.h
d:\gitwork\hbflowssrc\arterytechqtproject\arterytechqtproject\.\generatedfiles\ui_registerinterface.h
d:\gitwork\hbflowssrc\arterytechqtproject\arterytechqtproject\.\generatedfiles\ui_retrievepasswordinterface.h
d:\gitwork\hbflowssrc\arterytechqtproject\arterytechqtproject\.\generatedfiles\ui_sshclient.h
d:\gitwork\hbflowssrc\arterytechqtproject\arterytechqtproject\.\generatedfiles\ui_tcpclientdialog.h
e:\checkhbflowssrc\hbflowssrc\arterytechqtproject\arterytechqtproject\x64\debug\abnormaldata.obj
e:\checkhbflowssrc\hbflowssrc\arterytechqtproject\arterytechqtproject\x64\debug\arterytechqtproject.obj
e:\checkhbflowssrc\hbflowssrc\arterytechqtproject\arterytechqtproject\x64\debug\computingmultiplebp.obj
e:\checkhbflowssrc\hbflowssrc\arterytechqtproject\arterytechqtproject\x64\debug\encryptedfiledialog.obj
e:\checkhbflowssrc\hbflowssrc\arterytechqtproject\arterytechqtproject\x64\debug\getcalculationresultsdialog.obj
e:\checkhbflowssrc\hbflowssrc\arterytechqtproject\arterytechqtproject\x64\debug\help.obj
e:\checkhbflowssrc\hbflowssrc\arterytechqtproject\arterytechqtproject\x64\debug\htmlcreatedword.obj
e:\checkhbflowssrc\hbflowssrc\arterytechqtproject\arterytechqtproject\x64\debug\installationalignment.obj
e:\checkhbflowssrc\hbflowssrc\arterytechqtproject\arterytechqtproject\x64\debug\logininterface.obj
e:\checkhbflowssrc\hbflowssrc\arterytechqtproject\arterytechqtproject\x64\debug\main.obj
e:\checkhbflowssrc\hbflowssrc\arterytechqtproject\arterytechqtproject\x64\debug\moc_abnormaldata.obj
e:\checkhbflowssrc\hbflowssrc\arterytechqtproject\arterytechqtproject\x64\debug\moc_arterytechqtproject.obj
e:\checkhbflowssrc\hbflowssrc\arterytechqtproject\arterytechqtproject\x64\debug\moc_computingmultiplebp.obj
e:\checkhbflowssrc\hbflowssrc\arterytechqtproject\arterytechqtproject\x64\debug\moc_encryptedfiledialog.obj
e:\checkhbflowssrc\hbflowssrc\arterytechqtproject\arterytechqtproject\x64\debug\moc_getcalculationresultsdialog.obj
e:\checkhbflowssrc\hbflowssrc\arterytechqtproject\arterytechqtproject\x64\debug\moc_help.obj
e:\checkhbflowssrc\hbflowssrc\arterytechqtproject\arterytechqtproject\x64\debug\moc_htmlcreatedword.obj
e:\checkhbflowssrc\hbflowssrc\arterytechqtproject\arterytechqtproject\x64\debug\moc_installationalignment.obj
e:\checkhbflowssrc\hbflowssrc\arterytechqtproject\arterytechqtproject\x64\debug\moc_logininterface.obj
e:\checkhbflowssrc\hbflowssrc\arterytechqtproject\arterytechqtproject\x64\debug\moc_puttyinformationdialog.obj
e:\checkhbflowssrc\hbflowssrc\arterytechqtproject\arterytechqtproject\x64\debug\moc_qtarterytechboundarysetupui.obj
e:\checkhbflowssrc\hbflowssrc\arterytechqtproject\arterytechqtproject\x64\debug\moc_qtarterytechlinearsolversetupui.obj
e:\checkhbflowssrc\hbflowssrc\arterytechqtproject\arterytechqtproject\x64\debug\moc_qtarterytechmeshsetup.obj
e:\checkhbflowssrc\hbflowssrc\arterytechqtproject\arterytechqtproject\x64\debug\moc_qtarterytechnonlinearsolversetupui.obj
e:\checkhbflowssrc\hbflowssrc\arterytechqtproject\arterytechqtproject\x64\debug\moc_qtarterytechothersetupsui.obj
e:\checkhbflowssrc\hbflowssrc\arterytechqtproject\arterytechqtproject\x64\debug\moc_qtarterytechoutputsetupui.obj
e:\checkhbflowssrc\hbflowssrc\arterytechqtproject\arterytechqtproject\x64\debug\moc_qtarterytechphysicssetupui.obj
e:\checkhbflowssrc\hbflowssrc\arterytechqtproject\arterytechqtproject\x64\debug\moc_qtarterytechpreconditionersetupui.obj
e:\checkhbflowssrc\hbflowssrc\arterytechqtproject\arterytechqtproject\x64\debug\moc_qtarterytechtwolevelpreconditionerui.obj
e:\checkhbflowssrc\hbflowssrc\arterytechqtproject\arterytechqtproject\x64\debug\moc_qtpainevent.obj
e:\checkhbflowssrc\hbflowssrc\arterytechqtproject\arterytechqtproject\x64\debug\moc_qttcpclient.obj
e:\checkhbflowssrc\hbflowssrc\arterytechqtproject\arterytechqtproject\x64\debug\moc_qtvtkdialog.obj
e:\checkhbflowssrc\hbflowssrc\arterytechqtproject\arterytechqtproject\x64\debug\moc_registerinterface.obj
e:\checkhbflowssrc\hbflowssrc\arterytechqtproject\arterytechqtproject\x64\debug\moc_retrievepasswordinterface.obj
e:\checkhbflowssrc\hbflowssrc\arterytechqtproject\arterytechqtproject\x64\debug\moc_sshclient.obj
e:\checkhbflowssrc\hbflowssrc\arterytechqtproject\arterytechqtproject\x64\debug\moc_tcpclientdialog.obj
e:\checkhbflowssrc\hbflowssrc\arterytechqtproject\arterytechqtproject\x64\debug\moc_userinformation.obj
e:\checkhbflowssrc\hbflowssrc\arterytechqtproject\arterytechqtproject\x64\debug\moc_variableparametersdialog.obj
e:\checkhbflowssrc\hbflowssrc\arterytechqtproject\arterytechqtproject\x64\debug\moc_verifypassword.obj
e:\checkhbflowssrc\hbflowssrc\arterytechqtproject\arterytechqtproject\x64\debug\puttyinformationdialog.obj
e:\checkhbflowssrc\hbflowssrc\arterytechqtproject\arterytechqtproject\x64\debug\qrc_arterytechqtproject.obj
e:\checkhbflowssrc\hbflowssrc\arterytechqtproject\arterytechqtproject\x64\debug\qtarterytechboundarysetupui.obj
e:\checkhbflowssrc\hbflowssrc\arterytechqtproject\arterytechqtproject\x64\debug\qtarterytechlinearsolversetupui.obj
e:\checkhbflowssrc\hbflowssrc\arterytechqtproject\arterytechqtproject\x64\debug\qtarterytechmeshsetup.obj
e:\checkhbflowssrc\hbflowssrc\arterytechqtproject\arterytechqtproject\x64\debug\qtarterytechnonlinearsolversetupui.obj
e:\checkhbflowssrc\hbflowssrc\arterytechqtproject\arterytechqtproject\x64\debug\qtarterytechothersetupsui.obj
e:\checkhbflowssrc\hbflowssrc\arterytechqtproject\arterytechqtproject\x64\debug\qtarterytechoutputsetupui.obj
e:\checkhbflowssrc\hbflowssrc\arterytechqtproject\arterytechqtproject\x64\debug\qtarterytechphysicssetupui.obj
e:\checkhbflowssrc\hbflowssrc\arterytechqtproject\arterytechqtproject\x64\debug\qtarterytechpreconditionersetupui.obj
e:\checkhbflowssrc\hbflowssrc\arterytechqtproject\arterytechqtproject\x64\debug\qtarterytechtwolevelpreconditionerui.obj
e:\checkhbflowssrc\hbflowssrc\arterytechqtproject\arterytechqtproject\x64\debug\qtpainevent.obj
e:\checkhbflowssrc\hbflowssrc\arterytechqtproject\arterytechqtproject\x64\debug\qttcpclient.obj
e:\checkhbflowssrc\hbflowssrc\arterytechqtproject\arterytechqtproject\x64\debug\qtvtkdialog.obj
e:\checkhbflowssrc\hbflowssrc\arterytechqtproject\arterytechqtproject\x64\debug\registerinterface.obj
e:\checkhbflowssrc\hbflowssrc\arterytechqtproject\arterytechqtproject\x64\debug\retrievepasswordinterface.obj
e:\checkhbflowssrc\hbflowssrc\arterytechqtproject\arterytechqtproject\x64\debug\sshclient.obj
e:\checkhbflowssrc\hbflowssrc\arterytechqtproject\arterytechqtproject\x64\debug\tcpclientdialog.obj
e:\checkhbflowssrc\hbflowssrc\arterytechqtproject\arterytechqtproject\x64\debug\userinformation.obj
e:\checkhbflowssrc\hbflowssrc\arterytechqtproject\arterytechqtproject\x64\debug\variableparametersdialog.obj
e:\checkhbflowssrc\hbflowssrc\arterytechqtproject\arterytechqtproject\x64\debug\verifypassword.obj
e:\checkhbflowssrc\hbflowssrc\arterytechqtproject\arterytechqtproject\x64\debug\arterytechqtproject.res
e:\checkhbflowssrc\hbflowssrc\arterytechqtproject\arterytechqtproject\x64\debug\vc140.pdb
e:\checkhbflowssrc\hbflowssrc\arterytechqtproject\x64\debug\arterytechqtproject.pdb
e:\checkhbflowssrc\hbflowssrc\arterytechqtproject\x64\debug\arterytechqtproject.exe
e:\checkhbflowssrc\hbflowssrc\arterytechqtproject\x64\debug\arterytechqtproject.ilk
e:\checkhbflowssrc\hbflowssrc\arterytechqtproject\arterytechqtproject\x64\debug\arteryte.64ceff63.tlog\arterytechqtproject.write.1u.tlog
e:\checkhbflowssrc\hbflowssrc\arterytechqtproject\arterytechqtproject\x64\debug\arteryte.64ceff63.tlog\cl.command.1.tlog
e:\checkhbflowssrc\hbflowssrc\arterytechqtproject\arterytechqtproject\x64\debug\arteryte.64ceff63.tlog\cl.read.1.tlog
e:\checkhbflowssrc\hbflowssrc\arterytechqtproject\arterytechqtproject\x64\debug\arteryte.64ceff63.tlog\cl.write.1.tlog
e:\checkhbflowssrc\hbflowssrc\arterytechqtproject\arterytechqtproject\x64\debug\arteryte.64ceff63.tlog\link.command.1.tlog
e:\checkhbflowssrc\hbflowssrc\arterytechqtproject\arterytechqtproject\x64\debug\arteryte.64ceff63.tlog\link.read.1.tlog
e:\checkhbflowssrc\hbflowssrc\arterytechqtproject\arterytechqtproject\x64\debug\arteryte.64ceff63.tlog\link.write.1.tlog
e:\checkhbflowssrc\hbflowssrc\arterytechqtproject\arterytechqtproject\x64\debug\arteryte.64ceff63.tlog\moc.read.1u.tlog
e:\checkhbflowssrc\hbflowssrc\arterytechqtproject\arterytechqtproject\x64\debug\arteryte.64ceff63.tlog\moc.write.1u.tlog
e:\checkhbflowssrc\hbflowssrc\arterytechqtproject\arterytechqtproject\x64\debug\arteryte.64ceff63.tlog\rc.command.1.tlog
e:\checkhbflowssrc\hbflowssrc\arterytechqtproject\arterytechqtproject\x64\debug\arteryte.64ceff63.tlog\rc.read.1.tlog
e:\checkhbflowssrc\hbflowssrc\arterytechqtproject\arterytechqtproject\x64\debug\arteryte.64ceff63.tlog\rc.write.1.tlog
e:\checkhbflowssrc\hbflowssrc\arterytechqtproject\arterytechqtproject\x64\debug\arteryte.64ceff63.tlog\rcc.read.1u.tlog
e:\checkhbflowssrc\hbflowssrc\arterytechqtproject\arterytechqtproject\x64\debug\arteryte.64ceff63.tlog\rcc.write.1u.tlog
e:\checkhbflowssrc\hbflowssrc\arterytechqtproject\arterytechqtproject\x64\debug\arteryte.64ceff63.tlog\uic.read.1u.tlog
e:\checkhbflowssrc\hbflowssrc\arterytechqtproject\arterytechqtproject\x64\debug\arteryte.64ceff63.tlog\uic.write.1u.tlog
