d:\gitwork\hbflowssrc\arterytechqtproject\arterytechqtproject\generatedfiles\ui_abnormaldata.h
d:\gitwork\hbflowssrc\arterytechqtproject\arterytechqtproject\generatedfiles\ui_arterytechqtproject.h
d:\gitwork\hbflowssrc\arterytechqtproject\arterytechqtproject\generatedfiles\ui_encryptedfiledialog.h
d:\gitwork\hbflowssrc\arterytechqtproject\arterytechqtproject\generatedfiles\ui_getcalculationresultsdialog.h
d:\gitwork\hbflowssrc\arterytechqtproject\arterytechqtproject\generatedfiles\ui_help.h
d:\gitwork\hbflowssrc\arterytechqtproject\arterytechqtproject\generatedfiles\ui_installationalignment.h
d:\gitwork\hbflowssrc\arterytechqtproject\arterytechqtproject\generatedfiles\ui_logininterface.h
d:\gitwork\hbflowssrc\arterytechqtproject\arterytechqtproject\generatedfiles\ui_puttyinformationdialog.h
d:\gitwork\hbflowssrc\arterytechqtproject\arterytechqtproject\generatedfiles\ui_qtarterytechboundarysetupui.h
d:\gitwork\hbflowssrc\arterytechqtproject\arterytechqtproject\generatedfiles\ui_qtarterytechlinearsolversetupui.h
d:\gitwork\hbflowssrc\arterytechqtproject\arterytechqtproject\generatedfiles\ui_qtarterytechmeshsetup.h
d:\gitwork\hbflowssrc\arterytechqtproject\arterytechqtproject\generatedfiles\ui_qtarterytechnonlinearsolversetupui.h
d:\gitwork\hbflowssrc\arterytechqtproject\arterytechqtproject\generatedfiles\ui_qtarterytechothersetupsui.h
d:\gitwork\hbflowssrc\arterytechqtproject\arterytechqtproject\generatedfiles\ui_qtarterytechoutputsetupui.h
d:\gitwork\hbflowssrc\arterytechqtproject\arterytechqtproject\generatedfiles\ui_qtarterytechphysicssetupui.h
d:\gitwork\hbflowssrc\arterytechqtproject\arterytechqtproject\generatedfiles\ui_qtarterytechpreconditionersetupui.h
d:\gitwork\hbflowssrc\arterytechqtproject\arterytechqtproject\generatedfiles\ui_qtarterytechtwolevelpreconditionerui.h
d:\gitwork\hbflowssrc\arterytechqtproject\arterytechqtproject\generatedfiles\ui_qtpainevent.h
d:\gitwork\hbflowssrc\arterytechqtproject\arterytechqtproject\generatedfiles\ui_qtvtkdialog.h
d:\gitwork\hbflowssrc\arterytechqtproject\arterytechqtproject\generatedfiles\ui_registerinterface.h
d:\gitwork\hbflowssrc\arterytechqtproject\arterytechqtproject\generatedfiles\ui_retrievepasswordinterface.h
d:\gitwork\hbflowssrc\arterytechqtproject\arterytechqtproject\generatedfiles\ui_sshclient.h
d:\gitwork\hbflowssrc\arterytechqtproject\arterytechqtproject\generatedfiles\ui_tcpclientdialog.h
d:\gitwork\hbflowssrc\arterytechqtproject\arterytechqtproject\generatedfiles\qrc_arterytechqtproject.cpp
d:\gitwork\hbflowssrc\arterytechqtproject\arterytechqtproject\generatedfiles\release\moc_arterytechqtproject.cpp
d:\gitwork\hbflowssrc\arterytechqtproject\arterytechqtproject\generatedfiles\release\moc_retrievepasswordinterface.cpp
d:\gitwork\hbflowssrc\arterytechqtproject\arterytechqtproject\generatedfiles\release\moc_userinformation.cpp
d:\gitwork\hbflowssrc\arterytechqtproject\arterytechqtproject\generatedfiles\release\moc_tcpclientdialog.cpp
d:\gitwork\hbflowssrc\arterytechqtproject\arterytechqtproject\generatedfiles\release\moc_sshclient.cpp
d:\gitwork\hbflowssrc\arterytechqtproject\arterytechqtproject\generatedfiles\release\moc_qttcpclient.cpp
d:\gitwork\hbflowssrc\arterytechqtproject\arterytechqtproject\generatedfiles\release\moc_qtarterytechboundarysetupui.cpp
d:\gitwork\hbflowssrc\arterytechqtproject\arterytechqtproject\generatedfiles\release\moc_qtarterytechlinearsolversetupui.cpp
d:\gitwork\hbflowssrc\arterytechqtproject\arterytechqtproject\generatedfiles\release\moc_qtarterytechmeshsetup.cpp
d:\gitwork\hbflowssrc\arterytechqtproject\arterytechqtproject\generatedfiles\release\moc_qtarterytechnonlinearsolversetupui.cpp
d:\gitwork\hbflowssrc\arterytechqtproject\arterytechqtproject\generatedfiles\release\moc_qtarterytechothersetupsui.cpp
d:\gitwork\hbflowssrc\arterytechqtproject\arterytechqtproject\generatedfiles\release\moc_qtarterytechoutputsetupui.cpp
d:\gitwork\hbflowssrc\arterytechqtproject\arterytechqtproject\generatedfiles\release\moc_qtarterytechphysicssetupui.cpp
d:\gitwork\hbflowssrc\arterytechqtproject\arterytechqtproject\generatedfiles\release\moc_qtarterytechpreconditionersetupui.cpp
d:\gitwork\hbflowssrc\arterytechqtproject\arterytechqtproject\generatedfiles\release\moc_qtarterytechtwolevelpreconditionerui.cpp
d:\gitwork\hbflowssrc\arterytechqtproject\arterytechqtproject\generatedfiles\release\moc_qtpainevent.cpp
d:\gitwork\hbflowssrc\arterytechqtproject\arterytechqtproject\generatedfiles\release\moc_help.cpp
d:\gitwork\hbflowssrc\arterytechqtproject\arterytechqtproject\generatedfiles\release\moc_htmlcreatedword.cpp
d:\gitwork\hbflowssrc\arterytechqtproject\arterytechqtproject\generatedfiles\release\moc_qtvtkdialog.cpp
d:\gitwork\hbflowssrc\arterytechqtproject\arterytechqtproject\generatedfiles\release\moc_abnormaldata.cpp
d:\gitwork\hbflowssrc\arterytechqtproject\arterytechqtproject\generatedfiles\release\moc_puttyinformationdialog.cpp
d:\gitwork\hbflowssrc\arterytechqtproject\arterytechqtproject\generatedfiles\release\moc_logininterface.cpp
d:\gitwork\hbflowssrc\arterytechqtproject\arterytechqtproject\generatedfiles\release\moc_registerinterface.cpp
d:\gitwork\hbflowssrc\arterytechqtproject\arterytechqtproject\generatedfiles\release\moc_installationalignment.cpp
d:\gitwork\hbflowssrc\arterytechqtproject\arterytechqtproject\generatedfiles\release\moc_encryptedfiledialog.cpp
d:\gitwork\hbflowssrc\arterytechqtproject\arterytechqtproject\generatedfiles\release\moc_getcalculationresultsdialog.cpp
d:\gitwork\hbflowssrc\arterytechqtproject\arterytechqtproject\x64\release\help.obj
d:\gitwork\hbflowssrc\arterytechqtproject\arterytechqtproject\x64\release\puttyinformationdialog.obj
d:\gitwork\hbflowssrc\arterytechqtproject\arterytechqtproject\x64\release\qtarterytechothersetupsui.obj
d:\gitwork\hbflowssrc\arterytechqtproject\arterytechqtproject\x64\release\qttcpclient.obj
d:\gitwork\hbflowssrc\arterytechqtproject\arterytechqtproject\x64\release\qrc_arterytechqtproject.obj
d:\gitwork\hbflowssrc\arterytechqtproject\arterytechqtproject\x64\release\moc_arterytechqtproject.obj
d:\gitwork\hbflowssrc\arterytechqtproject\arterytechqtproject\x64\release\moc_htmlcreatedword.obj
d:\gitwork\hbflowssrc\arterytechqtproject\arterytechqtproject\x64\release\moc_encryptedfiledialog.obj
d:\gitwork\hbflowssrc\arterytechqtproject\arterytechqtproject\x64\release\htmlcreatedword.obj
d:\gitwork\hbflowssrc\arterytechqtproject\arterytechqtproject\x64\release\main.obj
d:\gitwork\hbflowssrc\arterytechqtproject\arterytechqtproject\x64\release\sshclient.obj
d:\gitwork\hbflowssrc\arterytechqtproject\arterytechqtproject\x64\release\moc_qtarterytechlinearsolversetupui.obj
d:\gitwork\hbflowssrc\arterytechqtproject\arterytechqtproject\x64\release\moc_qtarterytechothersetupsui.obj
d:\gitwork\hbflowssrc\arterytechqtproject\arterytechqtproject\x64\release\moc_qtvtkdialog.obj
d:\gitwork\hbflowssrc\arterytechqtproject\arterytechqtproject\x64\release\logininterface.obj
d:\gitwork\hbflowssrc\arterytechqtproject\arterytechqtproject\x64\release\qtvtkdialog.obj
d:\gitwork\hbflowssrc\arterytechqtproject\arterytechqtproject\x64\release\moc_sshclient.obj
d:\gitwork\hbflowssrc\arterytechqtproject\arterytechqtproject\x64\release\moc_qtarterytechtwolevelpreconditionerui.obj
d:\gitwork\hbflowssrc\arterytechqtproject\arterytechqtproject\x64\release\moc_registerinterface.obj
d:\gitwork\hbflowssrc\arterytechqtproject\arterytechqtproject\x64\release\arterytechqtproject.obj
d:\gitwork\hbflowssrc\arterytechqtproject\arterytechqtproject\x64\release\qtarterytechtwolevelpreconditionerui.obj
d:\gitwork\hbflowssrc\arterytechqtproject\arterytechqtproject\x64\release\userinformation.obj
d:\gitwork\hbflowssrc\arterytechqtproject\arterytechqtproject\x64\release\moc_tcpclientdialog.obj
d:\gitwork\hbflowssrc\arterytechqtproject\arterytechqtproject\x64\release\moc_qtarterytechoutputsetupui.obj
d:\gitwork\hbflowssrc\arterytechqtproject\arterytechqtproject\x64\release\moc_abnormaldata.obj
d:\gitwork\hbflowssrc\arterytechqtproject\arterytechqtproject\x64\release\getcalculationresultsdialog.obj
d:\gitwork\hbflowssrc\arterytechqtproject\arterytechqtproject\x64\release\qtarterytechmeshsetup.obj
d:\gitwork\hbflowssrc\arterytechqtproject\arterytechqtproject\x64\release\qtarterytechphysicssetupui.obj
d:\gitwork\hbflowssrc\arterytechqtproject\arterytechqtproject\x64\release\tcpclientdialog.obj
d:\gitwork\hbflowssrc\arterytechqtproject\arterytechqtproject\x64\release\moc_qtarterytechmeshsetup.obj
d:\gitwork\hbflowssrc\arterytechqtproject\arterytechqtproject\x64\release\moc_qtarterytechpreconditionersetupui.obj
d:\gitwork\hbflowssrc\arterytechqtproject\arterytechqtproject\x64\release\moc_logininterface.obj
d:\gitwork\hbflowssrc\arterytechqtproject\arterytechqtproject\x64\release\installationalignment.obj
d:\gitwork\hbflowssrc\arterytechqtproject\arterytechqtproject\x64\release\qtarterytechlinearsolversetupui.obj
d:\gitwork\hbflowssrc\arterytechqtproject\arterytechqtproject\x64\release\qtarterytechoutputsetupui.obj
d:\gitwork\hbflowssrc\arterytechqtproject\arterytechqtproject\x64\release\retrievepasswordinterface.obj
d:\gitwork\hbflowssrc\arterytechqtproject\arterytechqtproject\x64\release\moc_userinformation.obj
d:\gitwork\hbflowssrc\arterytechqtproject\arterytechqtproject\x64\release\moc_qtarterytechboundarysetupui.obj
d:\gitwork\hbflowssrc\arterytechqtproject\arterytechqtproject\x64\release\moc_qtarterytechphysicssetupui.obj
d:\gitwork\hbflowssrc\arterytechqtproject\arterytechqtproject\x64\release\moc_puttyinformationdialog.obj
d:\gitwork\hbflowssrc\arterytechqtproject\arterytechqtproject\x64\release\abnormaldata.obj
d:\gitwork\hbflowssrc\arterytechqtproject\arterytechqtproject\x64\release\qtarterytechboundarysetupui.obj
d:\gitwork\hbflowssrc\arterytechqtproject\arterytechqtproject\x64\release\qtpainevent.obj
d:\gitwork\hbflowssrc\arterytechqtproject\arterytechqtproject\x64\release\moc_retrievepasswordinterface.obj
d:\gitwork\hbflowssrc\arterytechqtproject\arterytechqtproject\x64\release\moc_qtarterytechnonlinearsolversetupui.obj
d:\gitwork\hbflowssrc\arterytechqtproject\arterytechqtproject\x64\release\moc_qtpainevent.obj
d:\gitwork\hbflowssrc\arterytechqtproject\arterytechqtproject\x64\release\moc_getcalculationresultsdialog.obj
d:\gitwork\hbflowssrc\arterytechqtproject\arterytechqtproject\x64\release\encryptedfiledialog.obj
d:\gitwork\hbflowssrc\arterytechqtproject\arterytechqtproject\x64\release\qtarterytechnonlinearsolversetupui.obj
d:\gitwork\hbflowssrc\arterytechqtproject\arterytechqtproject\x64\release\qtarterytechpreconditionersetupui.obj
d:\gitwork\hbflowssrc\arterytechqtproject\arterytechqtproject\x64\release\registerinterface.obj
d:\gitwork\hbflowssrc\arterytechqtproject\arterytechqtproject\x64\release\moc_qttcpclient.obj
d:\gitwork\hbflowssrc\arterytechqtproject\arterytechqtproject\x64\release\moc_help.obj
d:\gitwork\hbflowssrc\arterytechqtproject\arterytechqtproject\x64\release\moc_installationalignment.obj
d:\gitwork\hbflowssrc\arterytechqtproject\x64\release\arterytechqtproject.exe
d:\gitwork\hbflowssrc\arterytechqtproject\arterytechqtproject\.\generatedfiles\release\moc_arterytechqtproject.cpp
d:\gitwork\hbflowssrc\arterytechqtproject\arterytechqtproject\.\generatedfiles\release\moc_retrievepasswordinterface.cpp
d:\gitwork\hbflowssrc\arterytechqtproject\arterytechqtproject\.\generatedfiles\release\moc_userinformation.cpp
d:\gitwork\hbflowssrc\arterytechqtproject\arterytechqtproject\.\generatedfiles\release\moc_tcpclientdialog.cpp
d:\gitwork\hbflowssrc\arterytechqtproject\arterytechqtproject\.\generatedfiles\release\moc_sshclient.cpp
d:\gitwork\hbflowssrc\arterytechqtproject\arterytechqtproject\.\generatedfiles\release\moc_qttcpclient.cpp
d:\gitwork\hbflowssrc\arterytechqtproject\arterytechqtproject\.\generatedfiles\release\moc_qtarterytechboundarysetupui.cpp
d:\gitwork\hbflowssrc\arterytechqtproject\arterytechqtproject\.\generatedfiles\release\moc_qtarterytechlinearsolversetupui.cpp
d:\gitwork\hbflowssrc\arterytechqtproject\arterytechqtproject\.\generatedfiles\release\moc_qtarterytechmeshsetup.cpp
d:\gitwork\hbflowssrc\arterytechqtproject\arterytechqtproject\.\generatedfiles\release\moc_qtarterytechnonlinearsolversetupui.cpp
d:\gitwork\hbflowssrc\arterytechqtproject\arterytechqtproject\.\generatedfiles\release\moc_qtarterytechothersetupsui.cpp
d:\gitwork\hbflowssrc\arterytechqtproject\arterytechqtproject\.\generatedfiles\release\moc_qtarterytechoutputsetupui.cpp
d:\gitwork\hbflowssrc\arterytechqtproject\arterytechqtproject\.\generatedfiles\release\moc_qtarterytechphysicssetupui.cpp
d:\gitwork\hbflowssrc\arterytechqtproject\arterytechqtproject\.\generatedfiles\release\moc_qtarterytechpreconditionersetupui.cpp
d:\gitwork\hbflowssrc\arterytechqtproject\arterytechqtproject\.\generatedfiles\release\moc_qtarterytechtwolevelpreconditionerui.cpp
d:\gitwork\hbflowssrc\arterytechqtproject\arterytechqtproject\.\generatedfiles\release\moc_qtpainevent.cpp
d:\gitwork\hbflowssrc\arterytechqtproject\arterytechqtproject\.\generatedfiles\release\moc_help.cpp
d:\gitwork\hbflowssrc\arterytechqtproject\arterytechqtproject\.\generatedfiles\release\moc_htmlcreatedword.cpp
d:\gitwork\hbflowssrc\arterytechqtproject\arterytechqtproject\.\generatedfiles\release\moc_qtvtkdialog.cpp
d:\gitwork\hbflowssrc\arterytechqtproject\arterytechqtproject\.\generatedfiles\release\moc_abnormaldata.cpp
d:\gitwork\hbflowssrc\arterytechqtproject\arterytechqtproject\.\generatedfiles\release\moc_puttyinformationdialog.cpp
d:\gitwork\hbflowssrc\arterytechqtproject\arterytechqtproject\.\generatedfiles\release\moc_logininterface.cpp
d:\gitwork\hbflowssrc\arterytechqtproject\arterytechqtproject\.\generatedfiles\release\moc_registerinterface.cpp
d:\gitwork\hbflowssrc\arterytechqtproject\arterytechqtproject\.\generatedfiles\release\moc_installationalignment.cpp
d:\gitwork\hbflowssrc\arterytechqtproject\arterytechqtproject\.\generatedfiles\release\moc_encryptedfiledialog.cpp
d:\gitwork\hbflowssrc\arterytechqtproject\arterytechqtproject\.\generatedfiles\release\moc_getcalculationresultsdialog.cpp
d:\gitwork\hbflowssrc\arterytechqtproject\arterytechqtproject\x64\release\arterytechqtproject.res
d:\gitwork\hbflowssrc\arterytechqtproject\arterytechqtproject\.\generatedfiles\qrc_arterytechqtproject.cpp
d:\gitwork\hbflowssrc\arterytechqtproject\arterytechqtproject\.\generatedfiles\ui_abnormaldata.h
d:\gitwork\hbflowssrc\arterytechqtproject\arterytechqtproject\.\generatedfiles\ui_arterytechqtproject.h
d:\gitwork\hbflowssrc\arterytechqtproject\arterytechqtproject\.\generatedfiles\ui_encryptedfiledialog.h
d:\gitwork\hbflowssrc\arterytechqtproject\arterytechqtproject\.\generatedfiles\ui_getcalculationresultsdialog.h
d:\gitwork\hbflowssrc\arterytechqtproject\arterytechqtproject\.\generatedfiles\ui_help.h
d:\gitwork\hbflowssrc\arterytechqtproject\arterytechqtproject\.\generatedfiles\ui_installationalignment.h
d:\gitwork\hbflowssrc\arterytechqtproject\arterytechqtproject\.\generatedfiles\ui_logininterface.h
d:\gitwork\hbflowssrc\arterytechqtproject\arterytechqtproject\.\generatedfiles\ui_puttyinformationdialog.h
d:\gitwork\hbflowssrc\arterytechqtproject\arterytechqtproject\.\generatedfiles\ui_qtarterytechboundarysetupui.h
d:\gitwork\hbflowssrc\arterytechqtproject\arterytechqtproject\.\generatedfiles\ui_qtarterytechlinearsolversetupui.h
d:\gitwork\hbflowssrc\arterytechqtproject\arterytechqtproject\.\generatedfiles\ui_qtarterytechmeshsetup.h
d:\gitwork\hbflowssrc\arterytechqtproject\arterytechqtproject\.\generatedfiles\ui_qtarterytechnonlinearsolversetupui.h
d:\gitwork\hbflowssrc\arterytechqtproject\arterytechqtproject\.\generatedfiles\ui_qtarterytechothersetupsui.h
d:\gitwork\hbflowssrc\arterytechqtproject\arterytechqtproject\.\generatedfiles\ui_qtarterytechoutputsetupui.h
d:\gitwork\hbflowssrc\arterytechqtproject\arterytechqtproject\.\generatedfiles\ui_qtarterytechphysicssetupui.h
d:\gitwork\hbflowssrc\arterytechqtproject\arterytechqtproject\.\generatedfiles\ui_qtarterytechpreconditionersetupui.h
d:\gitwork\hbflowssrc\arterytechqtproject\arterytechqtproject\.\generatedfiles\ui_qtarterytechtwolevelpreconditionerui.h
d:\gitwork\hbflowssrc\arterytechqtproject\arterytechqtproject\.\generatedfiles\ui_qtpainevent.h
d:\gitwork\hbflowssrc\arterytechqtproject\arterytechqtproject\.\generatedfiles\ui_qtvtkdialog.h
d:\gitwork\hbflowssrc\arterytechqtproject\arterytechqtproject\.\generatedfiles\ui_registerinterface.h
d:\gitwork\hbflowssrc\arterytechqtproject\arterytechqtproject\.\generatedfiles\ui_retrievepasswordinterface.h
d:\gitwork\hbflowssrc\arterytechqtproject\arterytechqtproject\.\generatedfiles\ui_sshclient.h
d:\gitwork\hbflowssrc\arterytechqtproject\arterytechqtproject\.\generatedfiles\ui_tcpclientdialog.h
d:\gitwork\hbflowssrc\arterytechqtproject\arterytechqtproject\x64\release\arteryte.64ceff63.tlog\arterytechqtproject.write.1u.tlog
d:\gitwork\hbflowssrc\arterytechqtproject\arterytechqtproject\x64\release\arteryte.64ceff63.tlog\cl.command.1.tlog
d:\gitwork\hbflowssrc\arterytechqtproject\arterytechqtproject\x64\release\arteryte.64ceff63.tlog\cl.read.1.tlog
d:\gitwork\hbflowssrc\arterytechqtproject\arterytechqtproject\x64\release\arteryte.64ceff63.tlog\cl.write.1.tlog
d:\gitwork\hbflowssrc\arterytechqtproject\arterytechqtproject\x64\release\arteryte.64ceff63.tlog\link.command.1.tlog
d:\gitwork\hbflowssrc\arterytechqtproject\arterytechqtproject\x64\release\arteryte.64ceff63.tlog\link.read.1.tlog
d:\gitwork\hbflowssrc\arterytechqtproject\arterytechqtproject\x64\release\arteryte.64ceff63.tlog\link.write.1.tlog
d:\gitwork\hbflowssrc\arterytechqtproject\arterytechqtproject\x64\release\arteryte.64ceff63.tlog\moc.read.1u.tlog
d:\gitwork\hbflowssrc\arterytechqtproject\arterytechqtproject\x64\release\arteryte.64ceff63.tlog\moc.write.1u.tlog
d:\gitwork\hbflowssrc\arterytechqtproject\arterytechqtproject\x64\release\arteryte.64ceff63.tlog\rc.command.1.tlog
d:\gitwork\hbflowssrc\arterytechqtproject\arterytechqtproject\x64\release\arteryte.64ceff63.tlog\rc.read.1.tlog
d:\gitwork\hbflowssrc\arterytechqtproject\arterytechqtproject\x64\release\arteryte.64ceff63.tlog\rc.write.1.tlog
d:\gitwork\hbflowssrc\arterytechqtproject\arterytechqtproject\x64\release\arteryte.64ceff63.tlog\rcc.read.1u.tlog
d:\gitwork\hbflowssrc\arterytechqtproject\arterytechqtproject\x64\release\arteryte.64ceff63.tlog\rcc.write.1u.tlog
d:\gitwork\hbflowssrc\arterytechqtproject\arterytechqtproject\x64\release\arteryte.64ceff63.tlog\uic.read.1u.tlog
d:\gitwork\hbflowssrc\arterytechqtproject\arterytechqtproject\x64\release\arteryte.64ceff63.tlog\uic.write.1u.tlog
