d:\arterytechqtproject\arterytechqtproject\generatedfiles\release\moc_arterytechqtproject.cpp
d:\arterytechqtproject\arterytechqtproject\generatedfiles\release\moc_qtarterytechmeshsetup.cpp
d:\arterytechqtproject\arterytechqtproject\generatedfiles\release\moc_qtarterytechlinearsolversetupui.cpp
d:\arterytechqtproject\arterytechqtproject\generatedfiles\release\moc_qtarterytechpreconditionersetupui.cpp
d:\arterytechqtproject\arterytechqtproject\generatedfiles\release\moc_qtarterytechtwolevelpreconditionerui.cpp
d:\arterytechqtproject\arterytechqtproject\generatedfiles\release\moc_qtarterytechboundarysetupui.cpp
d:\arterytechqtproject\arterytechqtproject\generatedfiles\release\moc_qtarterytechphysicssetupui.cpp
d:\arterytechqtproject\arterytechqtproject\generatedfiles\release\moc_qtarterytechnonlinearsolversetupui.cpp
d:\arterytechqtproject\arterytechqtproject\generatedfiles\release\moc_qtarterytechoutputsetupui.cpp
d:\arterytechqtproject\arterytechqtproject\generatedfiles\release\moc_qtarterytechothersetupsui.cpp
d:\arterytechqtproject\arterytechqtproject\generatedfiles\qrc_arterytechqtproject.cpp
d:\arterytechqtproject\arterytechqtproject\generatedfiles\ui_arterytechqtproject.h
d:\arterytechqtproject\arterytechqtproject\generatedfiles\ui_qtarterytechboundarysetupui.h
d:\arterytechqtproject\arterytechqtproject\generatedfiles\ui_qtarterytechlinearsolversetupui.h
d:\arterytechqtproject\arterytechqtproject\generatedfiles\ui_qtarterytechmeshsetup.h
d:\arterytechqtproject\arterytechqtproject\generatedfiles\ui_qtarterytechnonlinearsolversetupui.h
d:\arterytechqtproject\arterytechqtproject\generatedfiles\ui_qtarterytechothersetupsui.h
d:\arterytechqtproject\arterytechqtproject\generatedfiles\ui_qtarterytechoutputsetupui.h
d:\arterytechqtproject\arterytechqtproject\generatedfiles\ui_qtarterytechphysicssetupui.h
d:\arterytechqtproject\arterytechqtproject\generatedfiles\ui_qtarterytechpreconditionersetupui.h
d:\arterytechqtproject\arterytechqtproject\generatedfiles\ui_qtarterytechtwolevelpreconditionerui.h
d:\arterytechqtproject\arterytechqtproject\x64\release\main.obj
d:\arterytechqtproject\arterytechqtproject\x64\release\moc_qtarterytechpreconditionersetupui.obj
d:\arterytechqtproject\arterytechqtproject\x64\release\qrc_arterytechqtproject.obj
d:\arterytechqtproject\arterytechqtproject\x64\release\qtarterytechlinearsolversetupui.obj
d:\arterytechqtproject\arterytechqtproject\x64\release\qtarterytechtwolevelpreconditionerui.obj
d:\arterytechqtproject\arterytechqtproject\x64\release\moc_qtarterytechnonlinearsolversetupui.obj
d:\arterytechqtproject\arterytechqtproject\x64\release\arterytechqtproject.obj
d:\arterytechqtproject\arterytechqtproject\x64\release\moc_qtarterytechboundarysetupui.obj
d:\arterytechqtproject\arterytechqtproject\x64\release\qtarterytechoutputsetupui.obj
d:\arterytechqtproject\arterytechqtproject\x64\release\moc_qtarterytechmeshsetup.obj
d:\arterytechqtproject\arterytechqtproject\x64\release\moc_qtarterytechphysicssetupui.obj
d:\arterytechqtproject\arterytechqtproject\x64\release\qtarterytechboundarysetupui.obj
d:\arterytechqtproject\arterytechqtproject\x64\release\moc_qtarterytechlinearsolversetupui.obj
d:\arterytechqtproject\arterytechqtproject\x64\release\moc_qtarterytechoutputsetupui.obj
d:\arterytechqtproject\arterytechqtproject\x64\release\qtarterytechothersetupsui.obj
d:\arterytechqtproject\arterytechqtproject\x64\release\qtarterytechphysicssetupui.obj
d:\arterytechqtproject\arterytechqtproject\x64\release\moc_qtarterytechothersetupsui.obj
d:\arterytechqtproject\arterytechqtproject\x64\release\qtarterytechnonlinearsolversetupui.obj
d:\arterytechqtproject\arterytechqtproject\x64\release\qtarterytechpreconditionersetupui.obj
d:\arterytechqtproject\arterytechqtproject\x64\release\moc_qtarterytechtwolevelpreconditionerui.obj
d:\arterytechqtproject\arterytechqtproject\x64\release\qtarterytechmeshsetup.obj
d:\arterytechqtproject\arterytechqtproject\x64\release\moc_arterytechqtproject.obj
d:\arterytechqtproject\x64\release\arterytechqtproject.exe
d:\arterytechqtproject\arterytechqtproject\.\generatedfiles\release\moc_arterytechqtproject.cpp
d:\arterytechqtproject\arterytechqtproject\.\generatedfiles\release\moc_qtarterytechmeshsetup.cpp
d:\arterytechqtproject\arterytechqtproject\.\generatedfiles\release\moc_qtarterytechlinearsolversetupui.cpp
d:\arterytechqtproject\arterytechqtproject\.\generatedfiles\release\moc_qtarterytechpreconditionersetupui.cpp
d:\arterytechqtproject\arterytechqtproject\.\generatedfiles\release\moc_qtarterytechtwolevelpreconditionerui.cpp
d:\arterytechqtproject\arterytechqtproject\.\generatedfiles\release\moc_qtarterytechboundarysetupui.cpp
d:\arterytechqtproject\arterytechqtproject\.\generatedfiles\release\moc_qtarterytechphysicssetupui.cpp
d:\arterytechqtproject\arterytechqtproject\.\generatedfiles\release\moc_qtarterytechnonlinearsolversetupui.cpp
d:\arterytechqtproject\arterytechqtproject\.\generatedfiles\release\moc_qtarterytechoutputsetupui.cpp
d:\arterytechqtproject\arterytechqtproject\.\generatedfiles\release\moc_qtarterytechothersetupsui.cpp
d:\arterytechqtproject\arterytechqtproject\.\generatedfiles\qrc_arterytechqtproject.cpp
d:\arterytechqtproject\arterytechqtproject\.\generatedfiles\ui_arterytechqtproject.h
d:\arterytechqtproject\arterytechqtproject\.\generatedfiles\ui_qtarterytechboundarysetupui.h
d:\arterytechqtproject\arterytechqtproject\.\generatedfiles\ui_qtarterytechlinearsolversetupui.h
d:\arterytechqtproject\arterytechqtproject\.\generatedfiles\ui_qtarterytechmeshsetup.h
d:\arterytechqtproject\arterytechqtproject\.\generatedfiles\ui_qtarterytechnonlinearsolversetupui.h
d:\arterytechqtproject\arterytechqtproject\.\generatedfiles\ui_qtarterytechothersetupsui.h
d:\arterytechqtproject\arterytechqtproject\.\generatedfiles\ui_qtarterytechoutputsetupui.h
d:\arterytechqtproject\arterytechqtproject\.\generatedfiles\ui_qtarterytechphysicssetupui.h
d:\arterytechqtproject\arterytechqtproject\.\generatedfiles\ui_qtarterytechpreconditionersetupui.h
d:\arterytechqtproject\arterytechqtproject\.\generatedfiles\ui_qtarterytechtwolevelpreconditionerui.h
d:\arterytechqtproject\arterytechqtproject\x64\release\arterytechqtproject.res
d:\arterytechqtproject\arterytechqtproject\x64\release\arteryte.b12702ad.tlog\arterytechqtproject.write.1u.tlog
d:\arterytechqtproject\arterytechqtproject\x64\release\arteryte.b12702ad.tlog\cl.command.1.tlog
d:\arterytechqtproject\arterytechqtproject\x64\release\arteryte.b12702ad.tlog\cl.read.1.tlog
d:\arterytechqtproject\arterytechqtproject\x64\release\arteryte.b12702ad.tlog\cl.write.1.tlog
d:\arterytechqtproject\arterytechqtproject\x64\release\arteryte.b12702ad.tlog\link.command.1.tlog
d:\arterytechqtproject\arterytechqtproject\x64\release\arteryte.b12702ad.tlog\link.read.1.tlog
d:\arterytechqtproject\arterytechqtproject\x64\release\arteryte.b12702ad.tlog\link.write.1.tlog
d:\arterytechqtproject\arterytechqtproject\x64\release\arteryte.b12702ad.tlog\qtmoc.read.1u.tlog
d:\arterytechqtproject\arterytechqtproject\x64\release\arteryte.b12702ad.tlog\qtmoc.write.1u.tlog
d:\arterytechqtproject\arterytechqtproject\x64\release\arteryte.b12702ad.tlog\qtrcc.read.1u.tlog
d:\arterytechqtproject\arterytechqtproject\x64\release\arteryte.b12702ad.tlog\qtrcc.write.1u.tlog
d:\arterytechqtproject\arterytechqtproject\x64\release\arteryte.b12702ad.tlog\qtuic.read.1u.tlog
d:\arterytechqtproject\arterytechqtproject\x64\release\arteryte.b12702ad.tlog\qtuic.write.1u.tlog
d:\arterytechqtproject\arterytechqtproject\x64\release\arteryte.b12702ad.tlog\rc.command.1.tlog
d:\arterytechqtproject\arterytechqtproject\x64\release\arteryte.b12702ad.tlog\rc.read.1.tlog
d:\arterytechqtproject\arterytechqtproject\x64\release\arteryte.b12702ad.tlog\rc.write.1.tlog
